<?xml version="1.0" encoding="UTF-8"?><testrun name="FornecedorControllerTest" project="lab5" tests="13" started="13" failures="1" errors="0" ignored="0">
  <testsuite name="saga.FornecedorControllerTest" time="0.146" displayname="FornecedorControllerTest" uniqueid="[engine:junit-jupiter]/[class:saga.FornecedorControllerTest]">
    <testcase name="testExibeFornecedorNomeVazio" classname="saga.FornecedorControllerTest" time="0.069" displayname="testExibeFornecedorNomeVazio()" uniqueid="[engine:junit-jupiter]/[class:saga.FornecedorControllerTest]/[method:testExibeFornecedorNomeVazio()]"/>
    <testcase name="testCadastraFornecedorExistente" classname="saga.FornecedorControllerTest" time="0.002" displayname="testCadastraFornecedorExistente()" uniqueid="[engine:junit-jupiter]/[class:saga.FornecedorControllerTest]/[method:testCadastraFornecedorExistente()]"/>
    <testcase name="testCadastraFornecedorNomeNulo" classname="saga.FornecedorControllerTest" time="0.003" displayname="testCadastraFornecedorNomeNulo()" uniqueid="[engine:junit-jupiter]/[class:saga.FornecedorControllerTest]/[method:testCadastraFornecedorNomeNulo()]"/>
    <testcase name="testListarFornecedores" classname="saga.FornecedorControllerTest" time="0.019" displayname="testListarFornecedores()" uniqueid="[engine:junit-jupiter]/[class:saga.FornecedorControllerTest]/[method:testListarFornecedores()]">
      <failure>java.lang.AssertionError: expected:&lt;[Seu Olavo - olavo@gmail.com - 83 99348-1092]&gt; but was:&lt;[Raphael - raphael@gmail.com - 83 98737-2109, Seu Olavo - olavo@gmail.com - 83 99348-1092]&gt;
	at org.junit.Assert.fail(Assert.java:88)
	at org.junit.Assert.failNotEquals(Assert.java:834)
	at org.junit.Assert.assertEquals(Assert.java:118)
	at org.junit.Assert.assertEquals(Assert.java:144)
	at saga.FornecedorControllerTest.testListarFornecedores(FornecedorControllerTest.java:146)
	at java.base/jdk.internal.reflect.NativeMethodAccessorImpl.invoke0(Native Method)
	at java.base/jdk.internal.reflect.NativeMethodAccessorImpl.invoke(NativeMethodAccessorImpl.java:62)
	at java.base/jdk.internal.reflect.DelegatingMethodAccessorImpl.invoke(DelegatingMethodAccessorImpl.java:43)
	at java.base/java.lang.reflect.Method.invoke(Method.java:567)
	at org.junit.platform.commons.util.ReflectionUtils.invokeMethod(ReflectionUtils.java:628)
	at org.junit.jupiter.engine.execution.ExecutableInvoker.invoke(ExecutableInvoker.java:117)
	at org.junit.jupiter.engine.descriptor.TestMethodTestDescriptor.lambda$invokeTestMethod$7(TestMethodTestDescriptor.java:184)
	at org.junit.platform.engine.support.hierarchical.ThrowableCollector.execute(ThrowableCollector.java:73)
	at org.junit.jupiter.engine.descriptor.TestMethodTestDescriptor.invokeTestMethod(TestMethodTestDescriptor.java:180)
	at org.junit.jupiter.engine.descriptor.TestMethodTestDescriptor.execute(TestMethodTestDescriptor.java:127)
	at org.junit.jupiter.engine.descriptor.TestMethodTestDescriptor.execute(TestMethodTestDescriptor.java:68)
	at org.junit.platform.engine.support.hierarchical.NodeTestTask.lambda$executeRecursively$5(NodeTestTask.java:135)
	at org.junit.platform.engine.support.hierarchical.ThrowableCollector.execute(ThrowableCollector.java:73)
	at org.junit.platform.engine.support.hierarchical.NodeTestTask.lambda$executeRecursively$7(NodeTestTask.java:125)
	at org.junit.platform.engine.support.hierarchical.Node.around(Node.java:135)
	at org.junit.platform.engine.support.hierarchical.NodeTestTask.lambda$executeRecursively$8(NodeTestTask.java:123)
	at org.junit.platform.engine.support.hierarchical.ThrowableCollector.execute(ThrowableCollector.java:73)
	at org.junit.platform.engine.support.hierarchical.NodeTestTask.executeRecursively(NodeTestTask.java:122)
	at org.junit.platform.engine.support.hierarchical.NodeTestTask.execute(NodeTestTask.java:80)
	at java.base/java.util.ArrayList.forEach(ArrayList.java:1540)
	at org.junit.platform.engine.support.hierarchical.SameThreadHierarchicalTestExecutorService.invokeAll(SameThreadHierarchicalTestExecutorService.java:38)
	at org.junit.platform.engine.support.hierarchical.NodeTestTask.lambda$executeRecursively$5(NodeTestTask.java:139)
	at org.junit.platform.engine.support.hierarchical.ThrowableCollector.execute(ThrowableCollector.java:73)
	at org.junit.platform.engine.support.hierarchical.NodeTestTask.lambda$executeRecursively$7(NodeTestTask.java:125)
	at org.junit.platform.engine.support.hierarchical.Node.around(Node.java:135)
	at org.junit.platform.engine.support.hierarchical.NodeTestTask.lambda$executeRecursively$8(NodeTestTask.java:123)
	at org.junit.platform.engine.support.hierarchical.ThrowableCollector.execute(ThrowableCollector.java:73)
	at org.junit.platform.engine.support.hierarchical.NodeTestTask.executeRecursively(NodeTestTask.java:122)
	at org.junit.platform.engine.support.hierarchical.NodeTestTask.execute(NodeTestTask.java:80)
	at java.base/java.util.ArrayList.forEach(ArrayList.java:1540)
	at org.junit.platform.engine.support.hierarchical.SameThreadHierarchicalTestExecutorService.invokeAll(SameThreadHierarchicalTestExecutorService.java:38)
	at org.junit.platform.engine.support.hierarchical.NodeTestTask.lambda$executeRecursively$5(NodeTestTask.java:139)
	at org.junit.platform.engine.support.hierarchical.ThrowableCollector.execute(ThrowableCollector.java:73)
	at org.junit.platform.engine.support.hierarchical.NodeTestTask.lambda$executeRecursively$7(NodeTestTask.java:125)
	at org.junit.platform.engine.support.hierarchical.Node.around(Node.java:135)
	at org.junit.platform.engine.support.hierarchical.NodeTestTask.lambda$executeRecursively$8(NodeTestTask.java:123)
	at org.junit.platform.engine.support.hierarchical.ThrowableCollector.execute(ThrowableCollector.java:73)
	at org.junit.platform.engine.support.hierarchical.NodeTestTask.executeRecursively(NodeTestTask.java:122)
	at org.junit.platform.engine.support.hierarchical.NodeTestTask.execute(NodeTestTask.java:80)
	at org.junit.platform.engine.support.hierarchical.SameThreadHierarchicalTestExecutorService.submit(SameThreadHierarchicalTestExecutorService.java:32)
	at org.junit.platform.engine.support.hierarchical.HierarchicalTestExecutor.execute(HierarchicalTestExecutor.java:57)
	at org.junit.platform.engine.support.hierarchical.HierarchicalTestEngine.execute(HierarchicalTestEngine.java:51)
	at org.junit.platform.launcher.core.DefaultLauncher.execute(DefaultLauncher.java:229)
	at org.junit.platform.launcher.core.DefaultLauncher.lambda$execute$6(DefaultLauncher.java:197)
	at org.junit.platform.launcher.core.DefaultLauncher.withInterceptedStreams(DefaultLauncher.java:211)
	at org.junit.platform.launcher.core.DefaultLauncher.execute(DefaultLauncher.java:191)
	at org.junit.platform.launcher.core.DefaultLauncher.execute(DefaultLauncher.java:137)
	at org.eclipse.jdt.internal.junit5.runner.JUnit5TestReference.run(JUnit5TestReference.java:89)
	at org.eclipse.jdt.internal.junit.runner.TestExecution.run(TestExecution.java:41)
	at org.eclipse.jdt.internal.junit.runner.RemoteTestRunner.runTests(RemoteTestRunner.java:541)
	at org.eclipse.jdt.internal.junit.runner.RemoteTestRunner.runTests(RemoteTestRunner.java:763)
	at org.eclipse.jdt.internal.junit.runner.RemoteTestRunner.run(RemoteTestRunner.java:463)
	at org.eclipse.jdt.internal.junit.runner.RemoteTestRunner.main(RemoteTestRunner.java:209)

</failure>
    </testcase>
    <testcase name="testExibeFornecedorValido" classname="saga.FornecedorControllerTest" time="0.007" displayname="testExibeFornecedorValido()" uniqueid="[engine:junit-jupiter]/[class:saga.FornecedorControllerTest]/[method:testExibeFornecedorValido()]"/>
    <testcase name="testCadastraFornecedorNomeVazio" classname="saga.FornecedorControllerTest" time="0.002" displayname="testCadastraFornecedorNomeVazio()" uniqueid="[engine:junit-jupiter]/[class:saga.FornecedorControllerTest]/[method:testCadastraFornecedorNomeVazio()]"/>
    <testcase name="testExibeFornecedorNomeNulo" classname="saga.FornecedorControllerTest" time="0.002" displayname="testExibeFornecedorNomeNulo()" uniqueid="[engine:junit-jupiter]/[class:saga.FornecedorControllerTest]/[method:testExibeFornecedorNomeNulo()]"/>
    <testcase name="testCadastraFornecedorValido" classname="saga.FornecedorControllerTest" time="0.003" displayname="testCadastraFornecedorValido()" uniqueid="[engine:junit-jupiter]/[class:saga.FornecedorControllerTest]/[method:testCadastraFornecedorValido()]"/>
    <testcase name="testExibeFornecedorNomeInexistente" classname="saga.FornecedorControllerTest" time="0.002" displayname="testExibeFornecedorNomeInexistente()" uniqueid="[engine:junit-jupiter]/[class:saga.FornecedorControllerTest]/[method:testExibeFornecedorNomeInexistente()]"/>
    <testcase name="testCadastraFornecedorEmailVazio" classname="saga.FornecedorControllerTest" time="0.007" displayname="testCadastraFornecedorEmailVazio()" uniqueid="[engine:junit-jupiter]/[class:saga.FornecedorControllerTest]/[method:testCadastraFornecedorEmailVazio()]"/>
    <testcase name="testCadastraFornecedorTelefoneNulo" classname="saga.FornecedorControllerTest" time="0.006" displayname="testCadastraFornecedorTelefoneNulo()" uniqueid="[engine:junit-jupiter]/[class:saga.FornecedorControllerTest]/[method:testCadastraFornecedorTelefoneNulo()]"/>
    <testcase name="testCadastraFornecedorEmailNulo" classname="saga.FornecedorControllerTest" time="0.006" displayname="testCadastraFornecedorEmailNulo()" uniqueid="[engine:junit-jupiter]/[class:saga.FornecedorControllerTest]/[method:testCadastraFornecedorEmailNulo()]"/>
    <testcase name="testCadastraFornecedorTelefoneVazio" classname="saga.FornecedorControllerTest" time="0.017" displayname="testCadastraFornecedorTelefoneVazio()" uniqueid="[engine:junit-jupiter]/[class:saga.FornecedorControllerTest]/[method:testCadastraFornecedorTelefoneVazio()]"/>
  </testsuite>
</testrun>
