<?xml version="1.0" encoding="UTF-8"?><testrun name="ClienteTest" project="lab5" tests="27" started="27" failures="0" errors="1" ignored="0">
  <testsuite name="saga.ClienteTest" time="0.254" displayname="ClienteTest" uniqueid="[engine:junit-jupiter]/[class:saga.ClienteTest]">
    <testcase name="testEquals2" classname="saga.ClienteTest" time="0.058" displayname="testEquals2()" uniqueid="[engine:junit-jupiter]/[class:saga.ClienteTest]/[method:testEquals2()]"/>
    <testcase name="testEquals3" classname="saga.ClienteTest" time="0.005" displayname="testEquals3()" uniqueid="[engine:junit-jupiter]/[class:saga.ClienteTest]/[method:testEquals3()]"/>
    <testcase name="testEquals4" classname="saga.ClienteTest" time="0.008" displayname="testEquals4()" uniqueid="[engine:junit-jupiter]/[class:saga.ClienteTest]/[method:testEquals4()]"/>
    <testcase name="testEquals5" classname="saga.ClienteTest" time="0.004" displayname="testEquals5()" uniqueid="[engine:junit-jupiter]/[class:saga.ClienteTest]/[method:testEquals5()]"/>
    <testcase name="testGetEmail" classname="saga.ClienteTest" time="0.012" displayname="testGetEmail()" uniqueid="[engine:junit-jupiter]/[class:saga.ClienteTest]/[method:testGetEmail()]"/>
    <testcase name="testGetNome2" classname="saga.ClienteTest" time="0.011" displayname="testGetNome2()" uniqueid="[engine:junit-jupiter]/[class:saga.ClienteTest]/[method:testGetNome2()]"/>
    <testcase name="testSetLocalizacao" classname="saga.ClienteTest" time="0.011" displayname="testSetLocalizacao()" uniqueid="[engine:junit-jupiter]/[class:saga.ClienteTest]/[method:testSetLocalizacao()]"/>
    <testcase name="testToString" classname="saga.ClienteTest" time="0.003" displayname="testToString()" uniqueid="[engine:junit-jupiter]/[class:saga.ClienteTest]/[method:testToString()]"/>
    <testcase name="testCadastraClienteEmailVazio" classname="saga.ClienteTest" time="0.011" displayname="testCadastraClienteEmailVazio()" uniqueid="[engine:junit-jupiter]/[class:saga.ClienteTest]/[method:testCadastraClienteEmailVazio()]"/>
    <testcase name="testCadastraClienteCpfInvalido" classname="saga.ClienteTest" time="0.007" displayname="testCadastraClienteCpfInvalido()" uniqueid="[engine:junit-jupiter]/[class:saga.ClienteTest]/[method:testCadastraClienteCpfInvalido()]"/>
    <testcase name="testGetCpf2" classname="saga.ClienteTest" time="0.006" displayname="testGetCpf2()" uniqueid="[engine:junit-jupiter]/[class:saga.ClienteTest]/[method:testGetCpf2()]"/>
    <testcase name="testGetNome" classname="saga.ClienteTest" time="0.003" displayname="testGetNome()" uniqueid="[engine:junit-jupiter]/[class:saga.ClienteTest]/[method:testGetNome()]"/>
    <testcase name="testCadastraClienteCpfNulo" classname="saga.ClienteTest" time="0.013" displayname="testCadastraClienteCpfNulo()" uniqueid="[engine:junit-jupiter]/[class:saga.ClienteTest]/[method:testCadastraClienteCpfNulo()]"/>
    <testcase name="testCadastraClienteEmailNulo" classname="saga.ClienteTest" time="0.002" displayname="testCadastraClienteEmailNulo()" uniqueid="[engine:junit-jupiter]/[class:saga.ClienteTest]/[method:testCadastraClienteEmailNulo()]"/>
    <testcase name="testGetLocalizacao" classname="saga.ClienteTest" time="0.011" displayname="testGetLocalizacao()" uniqueid="[engine:junit-jupiter]/[class:saga.ClienteTest]/[method:testGetLocalizacao()]"/>
    <testcase name="testCadastraClienteCpfVazio" classname="saga.ClienteTest" time="0.007" displayname="testCadastraClienteCpfVazio()" uniqueid="[engine:junit-jupiter]/[class:saga.ClienteTest]/[method:testCadastraClienteCpfVazio()]"/>
    <testcase name="testGetLocalizacao2" classname="saga.ClienteTest" time="0.001" displayname="testGetLocalizacao2()" uniqueid="[engine:junit-jupiter]/[class:saga.ClienteTest]/[method:testGetLocalizacao2()]"/>
    <testcase name="testHashCode" classname="saga.ClienteTest" time="0.011" displayname="testHashCode()" uniqueid="[engine:junit-jupiter]/[class:saga.ClienteTest]/[method:testHashCode()]"/>
    <testcase name="testHashCode2" classname="saga.ClienteTest" time="0.003" displayname="testHashCode2()" uniqueid="[engine:junit-jupiter]/[class:saga.ClienteTest]/[method:testHashCode2()]"/>
    <testcase name="testGetEmail2" classname="saga.ClienteTest" time="0.005" displayname="testGetEmail2()" uniqueid="[engine:junit-jupiter]/[class:saga.ClienteTest]/[method:testGetEmail2()]"/>
    <testcase name="testCadastraClienteLocalizacaoNula" classname="saga.ClienteTest" time="0.013" displayname="testCadastraClienteLocalizacaoNula()" uniqueid="[engine:junit-jupiter]/[class:saga.ClienteTest]/[method:testCadastraClienteLocalizacaoNula()]">
      <error>java.lang.NullPointerException: Erro no cadastro do cliente: localizacao nao pode ser vazia ou nula.
	at saga.Validador.validaEntrada(Validador.java:7)
	at saga.Cliente.&lt;init&gt;(Cliente.java:14)
	at saga.ClienteTest.testCadastraClienteLocalizacaoNula(ClienteTest.java:94)
	at java.base/jdk.internal.reflect.NativeMethodAccessorImpl.invoke0(Native Method)
	at java.base/jdk.internal.reflect.NativeMethodAccessorImpl.invoke(NativeMethodAccessorImpl.java:62)
	at java.base/jdk.internal.reflect.DelegatingMethodAccessorImpl.invoke(DelegatingMethodAccessorImpl.java:43)
	at java.base/java.lang.reflect.Method.invoke(Method.java:567)
	at org.junit.platform.commons.util.ReflectionUtils.invokeMethod(ReflectionUtils.java:628)
	at org.junit.jupiter.engine.execution.ExecutableInvoker.invoke(ExecutableInvoker.java:117)
	at org.junit.jupiter.engine.descriptor.TestMethodTestDescriptor.lambda$invokeTestMethod$7(TestMethodTestDescriptor.java:184)
	at org.junit.platform.engine.support.hierarchical.ThrowableCollector.execute(ThrowableCollector.java:73)
	at org.junit.jupiter.engine.descriptor.TestMethodTestDescriptor.invokeTestMethod(TestMethodTestDescriptor.java:180)
	at org.junit.jupiter.engine.descriptor.TestMethodTestDescriptor.execute(TestMethodTestDescriptor.java:127)
	at org.junit.jupiter.engine.descriptor.TestMethodTestDescriptor.execute(TestMethodTestDescriptor.java:68)
	at org.junit.platform.engine.support.hierarchical.NodeTestTask.lambda$executeRecursively$5(NodeTestTask.java:135)
	at org.junit.platform.engine.support.hierarchical.ThrowableCollector.execute(ThrowableCollector.java:73)
	at org.junit.platform.engine.support.hierarchical.NodeTestTask.lambda$executeRecursively$7(NodeTestTask.java:125)
	at org.junit.platform.engine.support.hierarchical.Node.around(Node.java:135)
	at org.junit.platform.engine.support.hierarchical.NodeTestTask.lambda$executeRecursively$8(NodeTestTask.java:123)
	at org.junit.platform.engine.support.hierarchical.ThrowableCollector.execute(ThrowableCollector.java:73)
	at org.junit.platform.engine.support.hierarchical.NodeTestTask.executeRecursively(NodeTestTask.java:122)
	at org.junit.platform.engine.support.hierarchical.NodeTestTask.execute(NodeTestTask.java:80)
	at java.base/java.util.ArrayList.forEach(ArrayList.java:1540)
	at org.junit.platform.engine.support.hierarchical.SameThreadHierarchicalTestExecutorService.invokeAll(SameThreadHierarchicalTestExecutorService.java:38)
	at org.junit.platform.engine.support.hierarchical.NodeTestTask.lambda$executeRecursively$5(NodeTestTask.java:139)
	at org.junit.platform.engine.support.hierarchical.ThrowableCollector.execute(ThrowableCollector.java:73)
	at org.junit.platform.engine.support.hierarchical.NodeTestTask.lambda$executeRecursively$7(NodeTestTask.java:125)
	at org.junit.platform.engine.support.hierarchical.Node.around(Node.java:135)
	at org.junit.platform.engine.support.hierarchical.NodeTestTask.lambda$executeRecursively$8(NodeTestTask.java:123)
	at org.junit.platform.engine.support.hierarchical.ThrowableCollector.execute(ThrowableCollector.java:73)
	at org.junit.platform.engine.support.hierarchical.NodeTestTask.executeRecursively(NodeTestTask.java:122)
	at org.junit.platform.engine.support.hierarchical.NodeTestTask.execute(NodeTestTask.java:80)
	at java.base/java.util.ArrayList.forEach(ArrayList.java:1540)
	at org.junit.platform.engine.support.hierarchical.SameThreadHierarchicalTestExecutorService.invokeAll(SameThreadHierarchicalTestExecutorService.java:38)
	at org.junit.platform.engine.support.hierarchical.NodeTestTask.lambda$executeRecursively$5(NodeTestTask.java:139)
	at org.junit.platform.engine.support.hierarchical.ThrowableCollector.execute(ThrowableCollector.java:73)
	at org.junit.platform.engine.support.hierarchical.NodeTestTask.lambda$executeRecursively$7(NodeTestTask.java:125)
	at org.junit.platform.engine.support.hierarchical.Node.around(Node.java:135)
	at org.junit.platform.engine.support.hierarchical.NodeTestTask.lambda$executeRecursively$8(NodeTestTask.java:123)
	at org.junit.platform.engine.support.hierarchical.ThrowableCollector.execute(ThrowableCollector.java:73)
	at org.junit.platform.engine.support.hierarchical.NodeTestTask.executeRecursively(NodeTestTask.java:122)
	at org.junit.platform.engine.support.hierarchical.NodeTestTask.execute(NodeTestTask.java:80)
	at org.junit.platform.engine.support.hierarchical.SameThreadHierarchicalTestExecutorService.submit(SameThreadHierarchicalTestExecutorService.java:32)
	at org.junit.platform.engine.support.hierarchical.HierarchicalTestExecutor.execute(HierarchicalTestExecutor.java:57)
	at org.junit.platform.engine.support.hierarchical.HierarchicalTestEngine.execute(HierarchicalTestEngine.java:51)
	at org.junit.platform.launcher.core.DefaultLauncher.execute(DefaultLauncher.java:229)
	at org.junit.platform.launcher.core.DefaultLauncher.lambda$execute$6(DefaultLauncher.java:197)
	at org.junit.platform.launcher.core.DefaultLauncher.withInterceptedStreams(DefaultLauncher.java:211)
	at org.junit.platform.launcher.core.DefaultLauncher.execute(DefaultLauncher.java:191)
	at org.junit.platform.launcher.core.DefaultLauncher.execute(DefaultLauncher.java:137)
	at org.eclipse.jdt.internal.junit5.runner.JUnit5TestReference.run(JUnit5TestReference.java:89)
	at org.eclipse.jdt.internal.junit.runner.TestExecution.run(TestExecution.java:41)
	at org.eclipse.jdt.internal.junit.runner.RemoteTestRunner.runTests(RemoteTestRunner.java:541)
	at org.eclipse.jdt.internal.junit.runner.RemoteTestRunner.runTests(RemoteTestRunner.java:763)
	at org.eclipse.jdt.internal.junit.runner.RemoteTestRunner.run(RemoteTestRunner.java:463)
	at org.eclipse.jdt.internal.junit.runner.RemoteTestRunner.main(RemoteTestRunner.java:209)

</error>
    </testcase>
    <testcase name="testEquals" classname="saga.ClienteTest" time="0.0" displayname="testEquals()" uniqueid="[engine:junit-jupiter]/[class:saga.ClienteTest]/[method:testEquals()]"/>
    <testcase name="testGetCpf" classname="saga.ClienteTest" time="0.0" displayname="testGetCpf()" uniqueid="[engine:junit-jupiter]/[class:saga.ClienteTest]/[method:testGetCpf()]"/>
    <testcase name="testCadastraClienteNomeNulo" classname="saga.ClienteTest" time="0.0" displayname="testCadastraClienteNomeNulo()" uniqueid="[engine:junit-jupiter]/[class:saga.ClienteTest]/[method:testCadastraClienteNomeNulo()]"/>
    <testcase name="testSetNome" classname="saga.ClienteTest" time="0.0" displayname="testSetNome()" uniqueid="[engine:junit-jupiter]/[class:saga.ClienteTest]/[method:testSetNome()]"/>
    <testcase name="testCadastraClienteNomeVazio" classname="saga.ClienteTest" time="0.0" displayname="testCadastraClienteNomeVazio()" uniqueid="[engine:junit-jupiter]/[class:saga.ClienteTest]/[method:testCadastraClienteNomeVazio()]"/>
    <testcase name="testSetEmail" classname="saga.ClienteTest" time="0.007" displayname="testSetEmail()" uniqueid="[engine:junit-jupiter]/[class:saga.ClienteTest]/[method:testSetEmail()]"/>
  </testsuite>
</testrun>
