<?xml version="1.0" encoding="UTF-8"?><testrun name="FornecedorControllerTest" project="lab5" tests="48" started="48" failures="2" errors="0" ignored="0">
  <testsuite name="saga.FornecedorControllerTest" time="0.45" displayname="FornecedorControllerTest" uniqueid="[engine:junit-jupiter]/[class:saga.FornecedorControllerTest]">
    <testcase name="testExibeProdutoFornecedorInexistente" classname="saga.FornecedorControllerTest" time="0.078" displayname="testExibeProdutoFornecedorInexistente()" uniqueid="[engine:junit-jupiter]/[class:saga.FornecedorControllerTest]/[method:testExibeProdutoFornecedorInexistente()]"/>
    <testcase name="testListarFornecedoresSemNenhumFornecedor" classname="saga.FornecedorControllerTest" time="0.008" displayname="testListarFornecedoresSemNenhumFornecedor()" uniqueid="[engine:junit-jupiter]/[class:saga.FornecedorControllerTest]/[method:testListarFornecedoresSemNenhumFornecedor()]"/>
    <testcase name="testEditaEmailFornecedor" classname="saga.FornecedorControllerTest" time="0.007" displayname="testEditaEmailFornecedor()" uniqueid="[engine:junit-jupiter]/[class:saga.FornecedorControllerTest]/[method:testEditaEmailFornecedor()]"/>
    <testcase name="testExibeFornecedorNomeVazio" classname="saga.FornecedorControllerTest" time="0.014" displayname="testExibeFornecedorNomeVazio()" uniqueid="[engine:junit-jupiter]/[class:saga.FornecedorControllerTest]/[method:testExibeFornecedorNomeVazio()]"/>
    <testcase name="testCadastraFornecedorExistente" classname="saga.FornecedorControllerTest" time="0.005" displayname="testCadastraFornecedorExistente()" uniqueid="[engine:junit-jupiter]/[class:saga.FornecedorControllerTest]/[method:testCadastraFornecedorExistente()]"/>
    <testcase name="testEditaFornecedorAtributoNulo" classname="saga.FornecedorControllerTest" time="0.017" displayname="testEditaFornecedorAtributoNulo()" uniqueid="[engine:junit-jupiter]/[class:saga.FornecedorControllerTest]/[method:testEditaFornecedorAtributoNulo()]"/>
    <testcase name="testEditaFornecedorNovoValorNulo" classname="saga.FornecedorControllerTest" time="0.011" displayname="testEditaFornecedorNovoValorNulo()" uniqueid="[engine:junit-jupiter]/[class:saga.FornecedorControllerTest]/[method:testEditaFornecedorNovoValorNulo()]"/>
    <testcase name="testCadastraProdutoNomeNulo" classname="saga.FornecedorControllerTest" time="0.008" displayname="testCadastraProdutoNomeNulo()" uniqueid="[engine:junit-jupiter]/[class:saga.FornecedorControllerTest]/[method:testCadastraProdutoNomeNulo()]"/>
    <testcase name="testCadastraFornecedorNomeNulo" classname="saga.FornecedorControllerTest" time="0.009" displayname="testCadastraFornecedorNomeNulo()" uniqueid="[engine:junit-jupiter]/[class:saga.FornecedorControllerTest]/[method:testCadastraFornecedorNomeNulo()]"/>
    <testcase name="testRemoveFornecedorNomeNulo" classname="saga.FornecedorControllerTest" time="0.007" displayname="testRemoveFornecedorNomeNulo()" uniqueid="[engine:junit-jupiter]/[class:saga.FornecedorControllerTest]/[method:testRemoveFornecedorNomeNulo()]"/>
    <testcase name="testListarFornecedores" classname="saga.FornecedorControllerTest" time="0.01" displayname="testListarFornecedores()" uniqueid="[engine:junit-jupiter]/[class:saga.FornecedorControllerTest]/[method:testListarFornecedores()]"/>
    <testcase name="testExibeFornecedorValido" classname="saga.FornecedorControllerTest" time="0.004" displayname="testExibeFornecedorValido()" uniqueid="[engine:junit-jupiter]/[class:saga.FornecedorControllerTest]/[method:testExibeFornecedorValido()]"/>
    <testcase name="testEditaFornecedorAtributoInexistente" classname="saga.FornecedorControllerTest" time="0.006" displayname="testEditaFornecedorAtributoInexistente()" uniqueid="[engine:junit-jupiter]/[class:saga.FornecedorControllerTest]/[method:testEditaFornecedorAtributoInexistente()]"/>
    <testcase name="testExibeProdutoDescricaoVazia" classname="saga.FornecedorControllerTest" time="0.003" displayname="testExibeProdutoDescricaoVazia()" uniqueid="[engine:junit-jupiter]/[class:saga.FornecedorControllerTest]/[method:testExibeProdutoDescricaoVazia()]"/>
    <testcase name="testExibeProdutoFornecedorNulo" classname="saga.FornecedorControllerTest" time="0.013" displayname="testExibeProdutoFornecedorNulo()" uniqueid="[engine:junit-jupiter]/[class:saga.FornecedorControllerTest]/[method:testExibeProdutoFornecedorNulo()]"/>
    <testcase name="testCadastraProdutoExistente" classname="saga.FornecedorControllerTest" time="0.018" displayname="testCadastraProdutoExistente()" uniqueid="[engine:junit-jupiter]/[class:saga.FornecedorControllerTest]/[method:testCadastraProdutoExistente()]"/>
    <testcase name="testEditaNomeFornecedor" classname="saga.FornecedorControllerTest" time="0.004" displayname="testEditaNomeFornecedor()" uniqueid="[engine:junit-jupiter]/[class:saga.FornecedorControllerTest]/[method:testEditaNomeFornecedor()]"/>
    <testcase name="testCadastraFornecedorNomeVazio" classname="saga.FornecedorControllerTest" time="0.002" displayname="testCadastraFornecedorNomeVazio()" uniqueid="[engine:junit-jupiter]/[class:saga.FornecedorControllerTest]/[method:testCadastraFornecedorNomeVazio()]"/>
    <testcase name="testCadastraProdutoFornecedorInexistente" classname="saga.FornecedorControllerTest" time="0.001" displayname="testCadastraProdutoFornecedorInexistente()" uniqueid="[engine:junit-jupiter]/[class:saga.FornecedorControllerTest]/[method:testCadastraProdutoFornecedorInexistente()]"/>
    <testcase name="testRemoveFornecedorValido" classname="saga.FornecedorControllerTest" time="0.002" displayname="testRemoveFornecedorValido()" uniqueid="[engine:junit-jupiter]/[class:saga.FornecedorControllerTest]/[method:testRemoveFornecedorValido()]"/>
    <testcase name="testExibeFornecedorNomeNulo" classname="saga.FornecedorControllerTest" time="0.003" displayname="testExibeFornecedorNomeNulo()" uniqueid="[engine:junit-jupiter]/[class:saga.FornecedorControllerTest]/[method:testExibeFornecedorNomeNulo()]"/>
    <testcase name="testExibeProdutoDescricaoNula" classname="saga.FornecedorControllerTest" time="0.001" displayname="testExibeProdutoDescricaoNula()" uniqueid="[engine:junit-jupiter]/[class:saga.FornecedorControllerTest]/[method:testExibeProdutoDescricaoNula()]"/>
    <testcase name="testRemoveFornecedorInexistente" classname="saga.FornecedorControllerTest" time="0.018" displayname="testRemoveFornecedorInexistente()" uniqueid="[engine:junit-jupiter]/[class:saga.FornecedorControllerTest]/[method:testRemoveFornecedorInexistente()]"/>
    <testcase name="testExibeProdutoNomeVazio" classname="saga.FornecedorControllerTest" time="0.009" displayname="testExibeProdutoNomeVazio()" uniqueid="[engine:junit-jupiter]/[class:saga.FornecedorControllerTest]/[method:testExibeProdutoNomeVazio()]"/>
    <testcase name="testCadastraProdutoDescricaoVazia" classname="saga.FornecedorControllerTest" time="0.006" displayname="testCadastraProdutoDescricaoVazia()" uniqueid="[engine:junit-jupiter]/[class:saga.FornecedorControllerTest]/[method:testCadastraProdutoDescricaoVazia()]"/>
    <testcase name="testCadastraProdutoFornecedorNulo" classname="saga.FornecedorControllerTest" time="0.008" displayname="testCadastraProdutoFornecedorNulo()" uniqueid="[engine:junit-jupiter]/[class:saga.FornecedorControllerTest]/[method:testCadastraProdutoFornecedorNulo()]"/>
    <testcase name="testCadastraProdutoDescricaoNula" classname="saga.FornecedorControllerTest" time="0.002" displayname="testCadastraProdutoDescricaoNula()" uniqueid="[engine:junit-jupiter]/[class:saga.FornecedorControllerTest]/[method:testCadastraProdutoDescricaoNula()]"/>
    <testcase name="testCadastraFornecedorValido" classname="saga.FornecedorControllerTest" time="0.001" displayname="testCadastraFornecedorValido()" uniqueid="[engine:junit-jupiter]/[class:saga.FornecedorControllerTest]/[method:testCadastraFornecedorValido()]"/>
    <testcase name="testEditaFornecedorNomeVazio" classname="saga.FornecedorControllerTest" time="0.001" displayname="testEditaFornecedorNomeVazio()" uniqueid="[engine:junit-jupiter]/[class:saga.FornecedorControllerTest]/[method:testEditaFornecedorNomeVazio()]"/>
    <testcase name="testListarProdutosDeUmFornecedor" classname="saga.FornecedorControllerTest" time="0.06" displayname="testListarProdutosDeUmFornecedor()" uniqueid="[engine:junit-jupiter]/[class:saga.FornecedorControllerTest]/[method:testListarProdutosDeUmFornecedor()]">
      <failure>java.lang.AssertionError: expected:&lt;[X-frango - Hamburguer de frango com queijo e calabresa - R$5,00, X-burguer - Hamburguer de carne com queijo e calabresa - R$4,50]&gt; but was:&lt;[Seu Olavo - X-frango - Hamburguer de frango com queijo e calabresa - R$5,00, Seu Olavo - X-burguer - Hamburguer de carne com queijo e calabresa - R$4,50]&gt;
	at org.junit.Assert.fail(Assert.java:88)
	at org.junit.Assert.failNotEquals(Assert.java:834)
	at org.junit.Assert.assertEquals(Assert.java:118)
	at org.junit.Assert.assertEquals(Assert.java:144)
	at saga.FornecedorControllerTest.testListarProdutosDeUmFornecedor(FornecedorControllerTest.java:502)
	at java.base/jdk.internal.reflect.NativeMethodAccessorImpl.invoke0(Native Method)
	at java.base/jdk.internal.reflect.NativeMethodAccessorImpl.invoke(NativeMethodAccessorImpl.java:62)
	at java.base/jdk.internal.reflect.DelegatingMethodAccessorImpl.invoke(DelegatingMethodAccessorImpl.java:43)
	at java.base/java.lang.reflect.Method.invoke(Method.java:567)
	at org.junit.platform.commons.util.ReflectionUtils.invokeMethod(ReflectionUtils.java:628)
	at org.junit.jupiter.engine.execution.ExecutableInvoker.invoke(ExecutableInvoker.java:117)
	at org.junit.jupiter.engine.descriptor.TestMethodTestDescriptor.lambda$invokeTestMethod$7(TestMethodTestDescriptor.java:184)
	at org.junit.platform.engine.support.hierarchical.ThrowableCollector.execute(ThrowableCollector.java:73)
	at org.junit.jupiter.engine.descriptor.TestMethodTestDescriptor.invokeTestMethod(TestMethodTestDescriptor.java:180)
	at org.junit.jupiter.engine.descriptor.TestMethodTestDescriptor.execute(TestMethodTestDescriptor.java:127)
	at org.junit.jupiter.engine.descriptor.TestMethodTestDescriptor.execute(TestMethodTestDescriptor.java:68)
	at org.junit.platform.engine.support.hierarchical.NodeTestTask.lambda$executeRecursively$5(NodeTestTask.java:135)
	at org.junit.platform.engine.support.hierarchical.ThrowableCollector.execute(ThrowableCollector.java:73)
	at org.junit.platform.engine.support.hierarchical.NodeTestTask.lambda$executeRecursively$7(NodeTestTask.java:125)
	at org.junit.platform.engine.support.hierarchical.Node.around(Node.java:135)
	at org.junit.platform.engine.support.hierarchical.NodeTestTask.lambda$executeRecursively$8(NodeTestTask.java:123)
	at org.junit.platform.engine.support.hierarchical.ThrowableCollector.execute(ThrowableCollector.java:73)
	at org.junit.platform.engine.support.hierarchical.NodeTestTask.executeRecursively(NodeTestTask.java:122)
	at org.junit.platform.engine.support.hierarchical.NodeTestTask.execute(NodeTestTask.java:80)
	at java.base/java.util.ArrayList.forEach(ArrayList.java:1540)
	at org.junit.platform.engine.support.hierarchical.SameThreadHierarchicalTestExecutorService.invokeAll(SameThreadHierarchicalTestExecutorService.java:38)
	at org.junit.platform.engine.support.hierarchical.NodeTestTask.lambda$executeRecursively$5(NodeTestTask.java:139)
	at org.junit.platform.engine.support.hierarchical.ThrowableCollector.execute(ThrowableCollector.java:73)
	at org.junit.platform.engine.support.hierarchical.NodeTestTask.lambda$executeRecursively$7(NodeTestTask.java:125)
	at org.junit.platform.engine.support.hierarchical.Node.around(Node.java:135)
	at org.junit.platform.engine.support.hierarchical.NodeTestTask.lambda$executeRecursively$8(NodeTestTask.java:123)
	at org.junit.platform.engine.support.hierarchical.ThrowableCollector.execute(ThrowableCollector.java:73)
	at org.junit.platform.engine.support.hierarchical.NodeTestTask.executeRecursively(NodeTestTask.java:122)
	at org.junit.platform.engine.support.hierarchical.NodeTestTask.execute(NodeTestTask.java:80)
	at java.base/java.util.ArrayList.forEach(ArrayList.java:1540)
	at org.junit.platform.engine.support.hierarchical.SameThreadHierarchicalTestExecutorService.invokeAll(SameThreadHierarchicalTestExecutorService.java:38)
	at org.junit.platform.engine.support.hierarchical.NodeTestTask.lambda$executeRecursively$5(NodeTestTask.java:139)
	at org.junit.platform.engine.support.hierarchical.ThrowableCollector.execute(ThrowableCollector.java:73)
	at org.junit.platform.engine.support.hierarchical.NodeTestTask.lambda$executeRecursively$7(NodeTestTask.java:125)
	at org.junit.platform.engine.support.hierarchical.Node.around(Node.java:135)
	at org.junit.platform.engine.support.hierarchical.NodeTestTask.lambda$executeRecursively$8(NodeTestTask.java:123)
	at org.junit.platform.engine.support.hierarchical.ThrowableCollector.execute(ThrowableCollector.java:73)
	at org.junit.platform.engine.support.hierarchical.NodeTestTask.executeRecursively(NodeTestTask.java:122)
	at org.junit.platform.engine.support.hierarchical.NodeTestTask.execute(NodeTestTask.java:80)
	at org.junit.platform.engine.support.hierarchical.SameThreadHierarchicalTestExecutorService.submit(SameThreadHierarchicalTestExecutorService.java:32)
	at org.junit.platform.engine.support.hierarchical.HierarchicalTestExecutor.execute(HierarchicalTestExecutor.java:57)
	at org.junit.platform.engine.support.hierarchical.HierarchicalTestEngine.execute(HierarchicalTestEngine.java:51)
	at org.junit.platform.launcher.core.DefaultLauncher.execute(DefaultLauncher.java:229)
	at org.junit.platform.launcher.core.DefaultLauncher.lambda$execute$6(DefaultLauncher.java:197)
	at org.junit.platform.launcher.core.DefaultLauncher.withInterceptedStreams(DefaultLauncher.java:211)
	at org.junit.platform.launcher.core.DefaultLauncher.execute(DefaultLauncher.java:191)
	at org.junit.platform.launcher.core.DefaultLauncher.execute(DefaultLauncher.java:137)
	at org.eclipse.jdt.internal.junit5.runner.JUnit5TestReference.run(JUnit5TestReference.java:89)
	at org.eclipse.jdt.internal.junit.runner.TestExecution.run(TestExecution.java:41)
	at org.eclipse.jdt.internal.junit.runner.RemoteTestRunner.runTests(RemoteTestRunner.java:541)
	at org.eclipse.jdt.internal.junit.runner.RemoteTestRunner.runTests(RemoteTestRunner.java:763)
	at org.eclipse.jdt.internal.junit.runner.RemoteTestRunner.run(RemoteTestRunner.java:463)
	at org.eclipse.jdt.internal.junit.runner.RemoteTestRunner.main(RemoteTestRunner.java:209)

</failure>
    </testcase>
    <testcase name="testEditaTelefoneFornecedor" classname="saga.FornecedorControllerTest" time="0.0" displayname="testEditaTelefoneFornecedor()" uniqueid="[engine:junit-jupiter]/[class:saga.FornecedorControllerTest]/[method:testEditaTelefoneFornecedor()]"/>
    <testcase name="testCadastraProdutoPrecoInvalido" classname="saga.FornecedorControllerTest" time="0.012" displayname="testCadastraProdutoPrecoInvalido()" uniqueid="[engine:junit-jupiter]/[class:saga.FornecedorControllerTest]/[method:testCadastraProdutoPrecoInvalido()]"/>
    <testcase name="testCadastraProdutoNomeVazio" classname="saga.FornecedorControllerTest" time="0.003" displayname="testCadastraProdutoNomeVazio()" uniqueid="[engine:junit-jupiter]/[class:saga.FornecedorControllerTest]/[method:testCadastraProdutoNomeVazio()]"/>
    <testcase name="testExibeFornecedorNomeInexistente" classname="saga.FornecedorControllerTest" time="0.002" displayname="testExibeFornecedorNomeInexistente()" uniqueid="[engine:junit-jupiter]/[class:saga.FornecedorControllerTest]/[method:testExibeFornecedorNomeInexistente()]"/>
    <testcase name="testCadastraFornecedorEmailVazio" classname="saga.FornecedorControllerTest" time="0.007" displayname="testCadastraFornecedorEmailVazio()" uniqueid="[engine:junit-jupiter]/[class:saga.FornecedorControllerTest]/[method:testCadastraFornecedorEmailVazio()]"/>
    <testcase name="testRemoveFornecedorNomeVazio" classname="saga.FornecedorControllerTest" time="0.002" displayname="testRemoveFornecedorNomeVazio()" uniqueid="[engine:junit-jupiter]/[class:saga.FornecedorControllerTest]/[method:testRemoveFornecedorNomeVazio()]"/>
    <testcase name="testListarProdutosDeTodosFornecedores" classname="saga.FornecedorControllerTest" time="0.008" displayname="testListarProdutosDeTodosFornecedores()" uniqueid="[engine:junit-jupiter]/[class:saga.FornecedorControllerTest]/[method:testListarProdutosDeTodosFornecedores()]">
      <failure>java.lang.AssertionError: expected:&lt;[Raphael - X-burguer - Hamburguer de carne com queijo e calabresa - R$4,50]&gt; but was:&lt;[Raphael - X-burguer - Hamburguer de carne com queijo e calabresa - R$4,50, Seu Olavo - X-frango - Hamburguer de frango com queijo e calabresa - R$5,00, Seu Olavo - X-tudo - Hamburguer de frango e carne com queijo e calabresa - R$10,00, Raphael - Cachorro Quente - Pao com salsicha e carne moida - R$7,00]&gt;
	at org.junit.Assert.fail(Assert.java:88)
	at org.junit.Assert.failNotEquals(Assert.java:834)
	at org.junit.Assert.assertEquals(Assert.java:118)
	at org.junit.Assert.assertEquals(Assert.java:144)
	at saga.FornecedorControllerTest.testListarProdutosDeTodosFornecedores(FornecedorControllerTest.java:531)
	at java.base/jdk.internal.reflect.NativeMethodAccessorImpl.invoke0(Native Method)
	at java.base/jdk.internal.reflect.NativeMethodAccessorImpl.invoke(NativeMethodAccessorImpl.java:62)
	at java.base/jdk.internal.reflect.DelegatingMethodAccessorImpl.invoke(DelegatingMethodAccessorImpl.java:43)
	at java.base/java.lang.reflect.Method.invoke(Method.java:567)
	at org.junit.platform.commons.util.ReflectionUtils.invokeMethod(ReflectionUtils.java:628)
	at org.junit.jupiter.engine.execution.ExecutableInvoker.invoke(ExecutableInvoker.java:117)
	at org.junit.jupiter.engine.descriptor.TestMethodTestDescriptor.lambda$invokeTestMethod$7(TestMethodTestDescriptor.java:184)
	at org.junit.platform.engine.support.hierarchical.ThrowableCollector.execute(ThrowableCollector.java:73)
	at org.junit.jupiter.engine.descriptor.TestMethodTestDescriptor.invokeTestMethod(TestMethodTestDescriptor.java:180)
	at org.junit.jupiter.engine.descriptor.TestMethodTestDescriptor.execute(TestMethodTestDescriptor.java:127)
	at org.junit.jupiter.engine.descriptor.TestMethodTestDescriptor.execute(TestMethodTestDescriptor.java:68)
	at org.junit.platform.engine.support.hierarchical.NodeTestTask.lambda$executeRecursively$5(NodeTestTask.java:135)
	at org.junit.platform.engine.support.hierarchical.ThrowableCollector.execute(ThrowableCollector.java:73)
	at org.junit.platform.engine.support.hierarchical.NodeTestTask.lambda$executeRecursively$7(NodeTestTask.java:125)
	at org.junit.platform.engine.support.hierarchical.Node.around(Node.java:135)
	at org.junit.platform.engine.support.hierarchical.NodeTestTask.lambda$executeRecursively$8(NodeTestTask.java:123)
	at org.junit.platform.engine.support.hierarchical.ThrowableCollector.execute(ThrowableCollector.java:73)
	at org.junit.platform.engine.support.hierarchical.NodeTestTask.executeRecursively(NodeTestTask.java:122)
	at org.junit.platform.engine.support.hierarchical.NodeTestTask.execute(NodeTestTask.java:80)
	at java.base/java.util.ArrayList.forEach(ArrayList.java:1540)
	at org.junit.platform.engine.support.hierarchical.SameThreadHierarchicalTestExecutorService.invokeAll(SameThreadHierarchicalTestExecutorService.java:38)
	at org.junit.platform.engine.support.hierarchical.NodeTestTask.lambda$executeRecursively$5(NodeTestTask.java:139)
	at org.junit.platform.engine.support.hierarchical.ThrowableCollector.execute(ThrowableCollector.java:73)
	at org.junit.platform.engine.support.hierarchical.NodeTestTask.lambda$executeRecursively$7(NodeTestTask.java:125)
	at org.junit.platform.engine.support.hierarchical.Node.around(Node.java:135)
	at org.junit.platform.engine.support.hierarchical.NodeTestTask.lambda$executeRecursively$8(NodeTestTask.java:123)
	at org.junit.platform.engine.support.hierarchical.ThrowableCollector.execute(ThrowableCollector.java:73)
	at org.junit.platform.engine.support.hierarchical.NodeTestTask.executeRecursively(NodeTestTask.java:122)
	at org.junit.platform.engine.support.hierarchical.NodeTestTask.execute(NodeTestTask.java:80)
	at java.base/java.util.ArrayList.forEach(ArrayList.java:1540)
	at org.junit.platform.engine.support.hierarchical.SameThreadHierarchicalTestExecutorService.invokeAll(SameThreadHierarchicalTestExecutorService.java:38)
	at org.junit.platform.engine.support.hierarchical.NodeTestTask.lambda$executeRecursively$5(NodeTestTask.java:139)
	at org.junit.platform.engine.support.hierarchical.ThrowableCollector.execute(ThrowableCollector.java:73)
	at org.junit.platform.engine.support.hierarchical.NodeTestTask.lambda$executeRecursively$7(NodeTestTask.java:125)
	at org.junit.platform.engine.support.hierarchical.Node.around(Node.java:135)
	at org.junit.platform.engine.support.hierarchical.NodeTestTask.lambda$executeRecursively$8(NodeTestTask.java:123)
	at org.junit.platform.engine.support.hierarchical.ThrowableCollector.execute(ThrowableCollector.java:73)
	at org.junit.platform.engine.support.hierarchical.NodeTestTask.executeRecursively(NodeTestTask.java:122)
	at org.junit.platform.engine.support.hierarchical.NodeTestTask.execute(NodeTestTask.java:80)
	at org.junit.platform.engine.support.hierarchical.SameThreadHierarchicalTestExecutorService.submit(SameThreadHierarchicalTestExecutorService.java:32)
	at org.junit.platform.engine.support.hierarchical.HierarchicalTestExecutor.execute(HierarchicalTestExecutor.java:57)
	at org.junit.platform.engine.support.hierarchical.HierarchicalTestEngine.execute(HierarchicalTestEngine.java:51)
	at org.junit.platform.launcher.core.DefaultLauncher.execute(DefaultLauncher.java:229)
	at org.junit.platform.launcher.core.DefaultLauncher.lambda$execute$6(DefaultLauncher.java:197)
	at org.junit.platform.launcher.core.DefaultLauncher.withInterceptedStreams(DefaultLauncher.java:211)
	at org.junit.platform.launcher.core.DefaultLauncher.execute(DefaultLauncher.java:191)
	at org.junit.platform.launcher.core.DefaultLauncher.execute(DefaultLauncher.java:137)
	at org.eclipse.jdt.internal.junit5.runner.JUnit5TestReference.run(JUnit5TestReference.java:89)
	at org.eclipse.jdt.internal.junit.runner.TestExecution.run(TestExecution.java:41)
	at org.eclipse.jdt.internal.junit.runner.RemoteTestRunner.runTests(RemoteTestRunner.java:541)
	at org.eclipse.jdt.internal.junit.runner.RemoteTestRunner.runTests(RemoteTestRunner.java:763)
	at org.eclipse.jdt.internal.junit.runner.RemoteTestRunner.run(RemoteTestRunner.java:463)
	at org.eclipse.jdt.internal.junit.runner.RemoteTestRunner.main(RemoteTestRunner.java:209)

</failure>
    </testcase>
    <testcase name="testExibeProdutoValido" classname="saga.FornecedorControllerTest" time="0.004" displayname="testExibeProdutoValido()" uniqueid="[engine:junit-jupiter]/[class:saga.FornecedorControllerTest]/[method:testExibeProdutoValido()]"/>
    <testcase name="testCadastraProdutoFornecedorVazio" classname="saga.FornecedorControllerTest" time="0.007" displayname="testCadastraProdutoFornecedorVazio()" uniqueid="[engine:junit-jupiter]/[class:saga.FornecedorControllerTest]/[method:testCadastraProdutoFornecedorVazio()]"/>
    <testcase name="testEditaFornecedorAtributoVazio" classname="saga.FornecedorControllerTest" time="0.002" displayname="testEditaFornecedorAtributoVazio()" uniqueid="[engine:junit-jupiter]/[class:saga.FornecedorControllerTest]/[method:testEditaFornecedorAtributoVazio()]"/>
    <testcase name="testExibeProdutoFornecedorVazio" classname="saga.FornecedorControllerTest" time="0.002" displayname="testExibeProdutoFornecedorVazio()" uniqueid="[engine:junit-jupiter]/[class:saga.FornecedorControllerTest]/[method:testExibeProdutoFornecedorVazio()]"/>
    <testcase name="testCadastraFornecedorTelefoneNulo" classname="saga.FornecedorControllerTest" time="0.015" displayname="testCadastraFornecedorTelefoneNulo()" uniqueid="[engine:junit-jupiter]/[class:saga.FornecedorControllerTest]/[method:testCadastraFornecedorTelefoneNulo()]"/>
    <testcase name="testExibeProdutoNomeNulo" classname="saga.FornecedorControllerTest" time="0.002" displayname="testExibeProdutoNomeNulo()" uniqueid="[engine:junit-jupiter]/[class:saga.FornecedorControllerTest]/[method:testExibeProdutoNomeNulo()]"/>
    <testcase name="testEditaFornecedorNovoValorVazio" classname="saga.FornecedorControllerTest" time="0.006" displayname="testEditaFornecedorNovoValorVazio()" uniqueid="[engine:junit-jupiter]/[class:saga.FornecedorControllerTest]/[method:testEditaFornecedorNovoValorVazio()]"/>
    <testcase name="testCadastraFornecedorEmailNulo" classname="saga.FornecedorControllerTest" time="0.004" displayname="testCadastraFornecedorEmailNulo()" uniqueid="[engine:junit-jupiter]/[class:saga.FornecedorControllerTest]/[method:testCadastraFornecedorEmailNulo()]"/>
    <testcase name="testCadastraFornecedorTelefoneVazio" classname="saga.FornecedorControllerTest" time="0.005" displayname="testCadastraFornecedorTelefoneVazio()" uniqueid="[engine:junit-jupiter]/[class:saga.FornecedorControllerTest]/[method:testCadastraFornecedorTelefoneVazio()]"/>
    <testcase name="testEditaFornecedorInexistente" classname="saga.FornecedorControllerTest" time="0.002" displayname="testEditaFornecedorInexistente()" uniqueid="[engine:junit-jupiter]/[class:saga.FornecedorControllerTest]/[method:testEditaFornecedorInexistente()]"/>
    <testcase name="testEditaFornecedorNomeNulo" classname="saga.FornecedorControllerTest" time="0.026" displayname="testEditaFornecedorNomeNulo()" uniqueid="[engine:junit-jupiter]/[class:saga.FornecedorControllerTest]/[method:testEditaFornecedorNomeNulo()]"/>
  </testsuite>
</testrun>
